2025-04-26 10:53:39.815 [info] Extension host with pid 3646 started
2025-04-26 10:53:39.815 [error] Error: EEXIST: file already exists, open '/home/bhoomkar04/.codeoss/data/User/workspaceStorage/287a5184/vscode.lock'
2025-04-26 10:53:39.842 [info] Lock '/home/bhoomkar04/.codeoss/data/User/workspaceStorage/287a5184/vscode.lock': Could not acquire lock, checking if the file is stale.
2025-04-26 10:53:39.855 [info] Lock '/home/bhoomkar04/.codeoss/data/User/workspaceStorage/287a5184/vscode.lock': The lock does not look stale, elapsed: 230 ms, giving up.
2025-04-26 10:53:39.858 [error] Error: EEXIST: file already exists, open '/home/bhoomkar04/.codeoss/data/User/workspaceStorage/287a5184-1/vscode.lock'
2025-04-26 10:53:39.858 [info] Lock '/home/bhoomkar04/.codeoss/data/User/workspaceStorage/287a5184-1/vscode.lock': Could not acquire lock, checking if the file is stale.
2025-04-26 10:53:39.859 [info] Lock '/home/bhoomkar04/.codeoss/data/User/workspaceStorage/287a5184-1/vscode.lock': The lock does not look stale, elapsed: 234 ms, giving up.
2025-04-26 10:53:39.860 [error] Error: EEXIST: file already exists, open '/home/bhoomkar04/.codeoss/data/User/workspaceStorage/287a5184-2/vscode.lock'
2025-04-26 10:53:39.860 [info] Lock '/home/bhoomkar04/.codeoss/data/User/workspaceStorage/287a5184-2/vscode.lock': Could not acquire lock, checking if the file is stale.
2025-04-26 10:53:39.861 [info] Lock '/home/bhoomkar04/.codeoss/data/User/workspaceStorage/287a5184-2/vscode.lock': The lock does not look stale, elapsed: 143 ms, giving up.
2025-04-26 10:53:39.872 [info] Lock '/home/bhoomkar04/.codeoss/data/User/workspaceStorage/287a5184-3/vscode.lock': Lock acquired.
2025-04-26 10:53:39.981 [info] ExtensionService#_doActivateExtension vscode.emmet, startup: false, activationEvent: 'onLanguage'
2025-04-26 10:53:40.099 [info] ExtensionService#_doActivateExtension vscode.git-base, startup: true, activationEvent: '*', root cause: vscode.git
2025-04-26 10:53:40.185 [info] ExtensionService#_doActivateExtension vscode.git, startup: true, activationEvent: '*'
2025-04-26 10:53:40.185 [info] ExtensionService#_doActivateExtension vscode.github, startup: true, activationEvent: '*'
2025-04-26 10:53:47.103 [info] Not activating extension 'redhat.java': Timed out while searching for 'workspaceContains' pattern */pom.xml,*/build.gradle,*/settings.gradle,*/build.gradle.kts,*/settings.gradle.kts,*/.classpath
2025-04-26 10:53:47.104 [info] Not activating extension 'vscjava.vscode-java-dependency': Timed out while searching for 'workspaceContains' pattern */pom.xml,*/build.gradle,*/settings.gradle,*/build.gradle.kts,*/settings.gradle.kts,*/.classpath
2025-04-26 10:53:47.105 [info] Not activating extension 'vscjava.vscode-java-test': Timed out while searching for 'workspaceContains' pattern */pom.xml,*/build.gradle,*/settings.gradle,*/build.gradle.kts,*/settings.gradle.kts,*/.classpath
2025-04-26 10:53:47.105 [info] Not activating extension 'vscjava.vscode-maven': Timed out while searching for 'workspaceContains' pattern **/pom.xml
2025-04-26 10:53:47.178 [info] Eager extensions activated
2025-04-26 10:53:47.178 [info] ExtensionService#_doActivateExtension EditorConfig.EditorConfig, startup: false, activationEvent: 'onStartupFinished'
2025-04-26 10:53:47.179 [info] ExtensionService#_doActivateExtension google.cloud-shell, startup: false, activationEvent: 'onStartupFinished'
2025-04-26 10:53:47.179 [info] ExtensionService#_doActivateExtension google.geminicodeassist, startup: false, activationEvent: 'onStartupFinished', root cause: googlecloudtools.cloudcode
2025-04-26 10:53:47.179 [info] ExtensionService#_doActivateExtension vscode.debug-auto-launch, startup: false, activationEvent: 'onStartupFinished'
2025-04-26 10:53:47.180 [info] ExtensionService#_doActivateExtension vscode.merge-conflict, startup: false, activationEvent: 'onStartupFinished'
2025-04-26 10:53:48.782 [info] ExtensionService#_doActivateExtension googlecloudtools.cloudcode, startup: false, activationEvent: 'onStartupFinished'
2025-04-26 10:53:50.857 [info] ExtensionService#_doActivateExtension vscode.configuration-editing, startup: false, activationEvent: 'onLanguage:jsonc'
2025-04-26 10:53:50.857 [info] ExtensionService#_doActivateExtension vscode.json-language-features, startup: false, activationEvent: 'onLanguage:jsonc'
2025-04-26 10:53:50.857 [info] ExtensionService#_doActivateExtension vscode.typescript-language-features, startup: false, activationEvent: 'onLanguage:jsonc'
